--------------------------------------------------------------------------------
Release 14.7 Trace  (lin64)
Copyright (c) 1995-2013 Xilinx, Inc.  All rights reserved.

/opt/Xilinx/14.7/ISE_DS/ISE/bin/lin64/unwrapped/trce -intstyle ise -v 3 -s 4 -n
3 -fastpaths -xml multiplicador4x4.twx multiplicador4x4.ncd -o
multiplicador4x4.twr multiplicador4x4.pcf

Design file:              multiplicador4x4.ncd
Physical constraint file: multiplicador4x4.pcf
Device,package,speed:     xc3s700a,fg484,-4 (PRODUCTION 1.42 2013-10-13)
Report level:             verbose report

Environment Variable      Effect 
--------------------      ------ 
NONE                      No environment variables were set
--------------------------------------------------------------------------------

INFO:Timing:2698 - No timing constraints found, doing default enumeration.
INFO:Timing:3412 - To improve timing, see the Timing Closure User Guide (UG612).
INFO:Timing:2752 - To get complete path coverage, use the unconstrained paths 
   option. All paths that are not constrained will be reported in the 
   unconstrained paths section(s) of the report.
INFO:Timing:3339 - The clock-to-out numbers in this timing report are based on 
   a 50 Ohm transmission line loading model.  For the details of this model, 
   and for more information on accounting for different loading conditions, 
   please see the device datasheet.
INFO:Timing:3390 - This architecture does not support a default System Jitter 
   value, please add SYSTEM_JITTER constraint to the UCF to modify the Clock 
   Uncertainty calculation.
INFO:Timing:3389 - This architecture does not support 'Discrete Jitter' and 
   'Phase Error' calculations, these terms will be zero in the Clock 
   Uncertainty calculation.  Please make appropriate modification to 
   SYSTEM_JITTER to account for the unsupported Discrete Jitter and Phase 
   Error.



Data Sheet report:
-----------------
All values displayed in nanoseconds (ns)

Pad to Pad
---------------+---------------+---------+
Source Pad     |Destination Pad|  Delay  |
---------------+---------------+---------+
A<0>           |resultado<0>   |   14.057|
A<0>           |resultado<1>   |   22.888|
A<0>           |resultado<2>   |   24.736|
A<0>           |resultado<3>   |   22.803|
A<0>           |resultado<4>   |   20.703|
A<0>           |resultado<5>   |   33.971|
A<0>           |resultado<6>   |   34.436|
A<0>           |resultado<7>   |   36.571|
A<0>           |resultado<8>   |   37.980|
A<0>           |resultado<9>   |   46.247|
A<0>           |resultado<10>  |   47.620|
A<0>           |resultado<11>  |   48.247|
A<0>           |resultado<12>  |   50.076|
A<0>           |resultado<13>  |   56.830|
A<0>           |resultado<14>  |   57.795|
A<0>           |resultado<15>  |   59.256|
A<0>           |resultado<16>  |   60.092|
A<0>           |resultado<17>  |   61.987|
A<0>           |resultado<18>  |   61.680|
A<0>           |resultado<19>  |   61.972|
A<0>           |resultado<20>  |   66.685|
A<0>           |resultado<21>  |   70.251|
A<0>           |resultado<22>  |   71.061|
A<0>           |resultado<23>  |   70.247|
A<0>           |resultado<24>  |   73.424|
A<0>           |resultado<25>  |   75.526|
A<0>           |resultado<26>  |   75.114|
A<0>           |resultado<27>  |   75.634|
A<0>           |resultado<28>  |   75.872|
A<0>           |resultado<29>  |   77.574|
A<0>           |resultado<30>  |   77.045|
A<0>           |resultado<31>  |   76.406|
A<1>           |resultado<1>   |   21.311|
A<1>           |resultado<2>   |   23.159|
A<1>           |resultado<3>   |   21.226|
A<1>           |resultado<4>   |   19.126|
A<1>           |resultado<5>   |   32.394|
A<1>           |resultado<6>   |   32.859|
A<1>           |resultado<7>   |   34.994|
A<1>           |resultado<8>   |   36.403|
A<1>           |resultado<9>   |   44.670|
A<1>           |resultado<10>  |   46.043|
A<1>           |resultado<11>  |   46.670|
A<1>           |resultado<12>  |   48.499|
A<1>           |resultado<13>  |   55.253|
A<1>           |resultado<14>  |   56.218|
A<1>           |resultado<15>  |   57.679|
A<1>           |resultado<16>  |   58.515|
A<1>           |resultado<17>  |   60.410|
A<1>           |resultado<18>  |   60.103|
A<1>           |resultado<19>  |   60.395|
A<1>           |resultado<20>  |   65.108|
A<1>           |resultado<21>  |   68.674|
A<1>           |resultado<22>  |   69.484|
A<1>           |resultado<23>  |   68.670|
A<1>           |resultado<24>  |   71.847|
A<1>           |resultado<25>  |   73.949|
A<1>           |resultado<26>  |   73.537|
A<1>           |resultado<27>  |   74.057|
A<1>           |resultado<28>  |   74.295|
A<1>           |resultado<29>  |   75.997|
A<1>           |resultado<30>  |   75.468|
A<1>           |resultado<31>  |   74.829|
A<2>           |resultado<1>   |   21.942|
A<2>           |resultado<2>   |   23.790|
A<2>           |resultado<3>   |   21.857|
A<2>           |resultado<4>   |   19.757|
A<2>           |resultado<5>   |   33.025|
A<2>           |resultado<6>   |   33.490|
A<2>           |resultado<7>   |   35.625|
A<2>           |resultado<8>   |   37.034|
A<2>           |resultado<9>   |   45.301|
A<2>           |resultado<10>  |   46.674|
A<2>           |resultado<11>  |   47.301|
A<2>           |resultado<12>  |   49.130|
A<2>           |resultado<13>  |   55.884|
A<2>           |resultado<14>  |   56.849|
A<2>           |resultado<15>  |   58.310|
A<2>           |resultado<16>  |   59.146|
A<2>           |resultado<17>  |   61.041|
A<2>           |resultado<18>  |   60.734|
A<2>           |resultado<19>  |   61.026|
A<2>           |resultado<20>  |   65.739|
A<2>           |resultado<21>  |   69.305|
A<2>           |resultado<22>  |   70.115|
A<2>           |resultado<23>  |   69.301|
A<2>           |resultado<24>  |   72.478|
A<2>           |resultado<25>  |   74.580|
A<2>           |resultado<26>  |   74.168|
A<2>           |resultado<27>  |   74.688|
A<2>           |resultado<28>  |   74.926|
A<2>           |resultado<29>  |   76.628|
A<2>           |resultado<30>  |   76.099|
A<2>           |resultado<31>  |   75.460|
A<3>           |resultado<1>   |   22.033|
A<3>           |resultado<2>   |   23.881|
A<3>           |resultado<3>   |   21.948|
A<3>           |resultado<4>   |   19.848|
A<3>           |resultado<5>   |   33.116|
A<3>           |resultado<6>   |   33.581|
A<3>           |resultado<7>   |   35.716|
A<3>           |resultado<8>   |   37.125|
A<3>           |resultado<9>   |   45.392|
A<3>           |resultado<10>  |   46.765|
A<3>           |resultado<11>  |   47.392|
A<3>           |resultado<12>  |   49.221|
A<3>           |resultado<13>  |   55.975|
A<3>           |resultado<14>  |   56.940|
A<3>           |resultado<15>  |   58.401|
A<3>           |resultado<16>  |   59.237|
A<3>           |resultado<17>  |   61.132|
A<3>           |resultado<18>  |   60.825|
A<3>           |resultado<19>  |   61.117|
A<3>           |resultado<20>  |   65.830|
A<3>           |resultado<21>  |   69.396|
A<3>           |resultado<22>  |   70.206|
A<3>           |resultado<23>  |   69.392|
A<3>           |resultado<24>  |   72.569|
A<3>           |resultado<25>  |   74.671|
A<3>           |resultado<26>  |   74.259|
A<3>           |resultado<27>  |   74.779|
A<3>           |resultado<28>  |   75.017|
A<3>           |resultado<29>  |   76.719|
A<3>           |resultado<30>  |   76.190|
A<3>           |resultado<31>  |   75.551|
A<4>           |resultado<4>   |   16.854|
A<4>           |resultado<5>   |   35.107|
A<4>           |resultado<6>   |   35.572|
A<4>           |resultado<7>   |   37.707|
A<4>           |resultado<8>   |   39.116|
A<4>           |resultado<9>   |   47.383|
A<4>           |resultado<10>  |   48.756|
A<4>           |resultado<11>  |   49.383|
A<4>           |resultado<12>  |   51.212|
A<4>           |resultado<13>  |   57.966|
A<4>           |resultado<14>  |   58.931|
A<4>           |resultado<15>  |   60.392|
A<4>           |resultado<16>  |   61.228|
A<4>           |resultado<17>  |   63.123|
A<4>           |resultado<18>  |   62.816|
A<4>           |resultado<19>  |   63.108|
A<4>           |resultado<20>  |   67.821|
A<4>           |resultado<21>  |   71.387|
A<4>           |resultado<22>  |   72.197|
A<4>           |resultado<23>  |   71.383|
A<4>           |resultado<24>  |   74.560|
A<4>           |resultado<25>  |   76.662|
A<4>           |resultado<26>  |   76.250|
A<4>           |resultado<27>  |   76.770|
A<4>           |resultado<28>  |   77.008|
A<4>           |resultado<29>  |   78.710|
A<4>           |resultado<30>  |   78.181|
A<4>           |resultado<31>  |   77.542|
A<5>           |resultado<5>   |   37.551|
A<5>           |resultado<6>   |   38.016|
A<5>           |resultado<7>   |   40.151|
A<5>           |resultado<8>   |   41.560|
A<5>           |resultado<9>   |   49.827|
A<5>           |resultado<10>  |   51.200|
A<5>           |resultado<11>  |   51.827|
A<5>           |resultado<12>  |   53.656|
A<5>           |resultado<13>  |   60.410|
A<5>           |resultado<14>  |   61.375|
A<5>           |resultado<15>  |   62.836|
A<5>           |resultado<16>  |   63.672|
A<5>           |resultado<17>  |   65.567|
A<5>           |resultado<18>  |   65.260|
A<5>           |resultado<19>  |   65.552|
A<5>           |resultado<20>  |   70.265|
A<5>           |resultado<21>  |   73.831|
A<5>           |resultado<22>  |   74.641|
A<5>           |resultado<23>  |   73.827|
A<5>           |resultado<24>  |   77.004|
A<5>           |resultado<25>  |   79.106|
A<5>           |resultado<26>  |   78.694|
A<5>           |resultado<27>  |   79.214|
A<5>           |resultado<28>  |   79.452|
A<5>           |resultado<29>  |   81.154|
A<5>           |resultado<30>  |   80.625|
A<5>           |resultado<31>  |   79.986|
A<6>           |resultado<5>   |   36.100|
A<6>           |resultado<6>   |   36.565|
A<6>           |resultado<7>   |   38.700|
A<6>           |resultado<8>   |   40.109|
A<6>           |resultado<9>   |   48.376|
A<6>           |resultado<10>  |   49.749|
A<6>           |resultado<11>  |   50.376|
A<6>           |resultado<12>  |   52.205|
A<6>           |resultado<13>  |   58.959|
A<6>           |resultado<14>  |   59.924|
A<6>           |resultado<15>  |   61.385|
A<6>           |resultado<16>  |   62.221|
A<6>           |resultado<17>  |   64.116|
A<6>           |resultado<18>  |   63.809|
A<6>           |resultado<19>  |   64.101|
A<6>           |resultado<20>  |   68.814|
A<6>           |resultado<21>  |   72.380|
A<6>           |resultado<22>  |   73.190|
A<6>           |resultado<23>  |   72.376|
A<6>           |resultado<24>  |   75.553|
A<6>           |resultado<25>  |   77.655|
A<6>           |resultado<26>  |   77.243|
A<6>           |resultado<27>  |   77.763|
A<6>           |resultado<28>  |   78.001|
A<6>           |resultado<29>  |   79.703|
A<6>           |resultado<30>  |   79.174|
A<6>           |resultado<31>  |   78.535|
A<7>           |resultado<5>   |   37.437|
A<7>           |resultado<6>   |   37.902|
A<7>           |resultado<7>   |   40.037|
A<7>           |resultado<8>   |   41.446|
A<7>           |resultado<9>   |   49.713|
A<7>           |resultado<10>  |   51.086|
A<7>           |resultado<11>  |   51.713|
A<7>           |resultado<12>  |   53.542|
A<7>           |resultado<13>  |   60.296|
A<7>           |resultado<14>  |   61.261|
A<7>           |resultado<15>  |   62.722|
A<7>           |resultado<16>  |   63.558|
A<7>           |resultado<17>  |   65.453|
A<7>           |resultado<18>  |   65.146|
A<7>           |resultado<19>  |   65.438|
A<7>           |resultado<20>  |   70.151|
A<7>           |resultado<21>  |   73.717|
A<7>           |resultado<22>  |   74.527|
A<7>           |resultado<23>  |   73.713|
A<7>           |resultado<24>  |   76.890|
A<7>           |resultado<25>  |   78.992|
A<7>           |resultado<26>  |   78.580|
A<7>           |resultado<27>  |   79.100|
A<7>           |resultado<28>  |   79.338|
A<7>           |resultado<29>  |   81.040|
A<7>           |resultado<30>  |   80.511|
A<7>           |resultado<31>  |   79.872|
A<8>           |resultado<8>   |   21.035|
A<8>           |resultado<9>   |   38.342|
A<8>           |resultado<10>  |   39.715|
A<8>           |resultado<11>  |   40.342|
A<8>           |resultado<12>  |   42.171|
A<8>           |resultado<13>  |   48.925|
A<8>           |resultado<14>  |   49.890|
A<8>           |resultado<15>  |   51.351|
A<8>           |resultado<16>  |   52.187|
A<8>           |resultado<17>  |   54.082|
A<8>           |resultado<18>  |   53.775|
A<8>           |resultado<19>  |   54.067|
A<8>           |resultado<20>  |   58.780|
A<8>           |resultado<21>  |   62.346|
A<8>           |resultado<22>  |   63.156|
A<8>           |resultado<23>  |   62.342|
A<8>           |resultado<24>  |   65.519|
A<8>           |resultado<25>  |   67.621|
A<8>           |resultado<26>  |   67.209|
A<8>           |resultado<27>  |   67.729|
A<8>           |resultado<28>  |   67.967|
A<8>           |resultado<29>  |   69.669|
A<8>           |resultado<30>  |   69.140|
A<8>           |resultado<31>  |   68.501|
A<9>           |resultado<9>   |   38.149|
A<9>           |resultado<10>  |   39.522|
A<9>           |resultado<11>  |   40.149|
A<9>           |resultado<12>  |   41.978|
A<9>           |resultado<13>  |   48.732|
A<9>           |resultado<14>  |   49.697|
A<9>           |resultado<15>  |   51.158|
A<9>           |resultado<16>  |   51.994|
A<9>           |resultado<17>  |   53.889|
A<9>           |resultado<18>  |   53.582|
A<9>           |resultado<19>  |   53.874|
A<9>           |resultado<20>  |   58.587|
A<9>           |resultado<21>  |   62.153|
A<9>           |resultado<22>  |   62.963|
A<9>           |resultado<23>  |   62.149|
A<9>           |resultado<24>  |   65.326|
A<9>           |resultado<25>  |   67.428|
A<9>           |resultado<26>  |   67.016|
A<9>           |resultado<27>  |   67.536|
A<9>           |resultado<28>  |   67.774|
A<9>           |resultado<29>  |   69.476|
A<9>           |resultado<30>  |   68.947|
A<9>           |resultado<31>  |   68.308|
A<10>          |resultado<9>   |   38.551|
A<10>          |resultado<10>  |   39.924|
A<10>          |resultado<11>  |   40.551|
A<10>          |resultado<12>  |   42.380|
A<10>          |resultado<13>  |   49.134|
A<10>          |resultado<14>  |   50.099|
A<10>          |resultado<15>  |   51.560|
A<10>          |resultado<16>  |   52.396|
A<10>          |resultado<17>  |   54.291|
A<10>          |resultado<18>  |   53.984|
A<10>          |resultado<19>  |   54.276|
A<10>          |resultado<20>  |   58.989|
A<10>          |resultado<21>  |   62.555|
A<10>          |resultado<22>  |   63.365|
A<10>          |resultado<23>  |   62.551|
A<10>          |resultado<24>  |   65.728|
A<10>          |resultado<25>  |   67.830|
A<10>          |resultado<26>  |   67.418|
A<10>          |resultado<27>  |   67.938|
A<10>          |resultado<28>  |   68.176|
A<10>          |resultado<29>  |   69.878|
A<10>          |resultado<30>  |   69.349|
A<10>          |resultado<31>  |   68.710|
A<11>          |resultado<9>   |   38.643|
A<11>          |resultado<10>  |   40.016|
A<11>          |resultado<11>  |   40.643|
A<11>          |resultado<12>  |   42.472|
A<11>          |resultado<13>  |   49.226|
A<11>          |resultado<14>  |   50.191|
A<11>          |resultado<15>  |   51.652|
A<11>          |resultado<16>  |   52.488|
A<11>          |resultado<17>  |   54.383|
A<11>          |resultado<18>  |   54.076|
A<11>          |resultado<19>  |   54.368|
A<11>          |resultado<20>  |   59.081|
A<11>          |resultado<21>  |   62.647|
A<11>          |resultado<22>  |   63.457|
A<11>          |resultado<23>  |   62.643|
A<11>          |resultado<24>  |   65.820|
A<11>          |resultado<25>  |   67.922|
A<11>          |resultado<26>  |   67.510|
A<11>          |resultado<27>  |   68.030|
A<11>          |resultado<28>  |   68.268|
A<11>          |resultado<29>  |   69.970|
A<11>          |resultado<30>  |   69.441|
A<11>          |resultado<31>  |   68.802|
A<12>          |resultado<12>  |   19.923|
A<12>          |resultado<13>  |   39.293|
A<12>          |resultado<14>  |   40.258|
A<12>          |resultado<15>  |   41.719|
A<12>          |resultado<16>  |   42.555|
A<12>          |resultado<17>  |   44.450|
A<12>          |resultado<18>  |   44.143|
A<12>          |resultado<19>  |   44.435|
A<12>          |resultado<20>  |   49.148|
A<12>          |resultado<21>  |   52.714|
A<12>          |resultado<22>  |   53.524|
A<12>          |resultado<23>  |   52.710|
A<12>          |resultado<24>  |   55.887|
A<12>          |resultado<25>  |   57.989|
A<12>          |resultado<26>  |   57.577|
A<12>          |resultado<27>  |   58.097|
A<12>          |resultado<28>  |   58.335|
A<12>          |resultado<29>  |   60.037|
A<12>          |resultado<30>  |   59.508|
A<12>          |resultado<31>  |   58.869|
A<13>          |resultado<13>  |   38.663|
A<13>          |resultado<14>  |   39.628|
A<13>          |resultado<15>  |   41.089|
A<13>          |resultado<16>  |   41.925|
A<13>          |resultado<17>  |   43.820|
A<13>          |resultado<18>  |   43.513|
A<13>          |resultado<19>  |   43.805|
A<13>          |resultado<20>  |   48.518|
A<13>          |resultado<21>  |   52.084|
A<13>          |resultado<22>  |   52.894|
A<13>          |resultado<23>  |   52.080|
A<13>          |resultado<24>  |   55.257|
A<13>          |resultado<25>  |   57.359|
A<13>          |resultado<26>  |   56.947|
A<13>          |resultado<27>  |   57.467|
A<13>          |resultado<28>  |   57.705|
A<13>          |resultado<29>  |   59.407|
A<13>          |resultado<30>  |   58.878|
A<13>          |resultado<31>  |   58.239|
A<14>          |resultado<13>  |   38.771|
A<14>          |resultado<14>  |   39.736|
A<14>          |resultado<15>  |   41.197|
A<14>          |resultado<16>  |   42.033|
A<14>          |resultado<17>  |   43.928|
A<14>          |resultado<18>  |   43.621|
A<14>          |resultado<19>  |   43.913|
A<14>          |resultado<20>  |   48.626|
A<14>          |resultado<21>  |   52.192|
A<14>          |resultado<22>  |   53.002|
A<14>          |resultado<23>  |   52.188|
A<14>          |resultado<24>  |   55.365|
A<14>          |resultado<25>  |   57.467|
A<14>          |resultado<26>  |   57.055|
A<14>          |resultado<27>  |   57.575|
A<14>          |resultado<28>  |   57.813|
A<14>          |resultado<29>  |   59.515|
A<14>          |resultado<30>  |   58.986|
A<14>          |resultado<31>  |   58.347|
A<15>          |resultado<13>  |   39.614|
A<15>          |resultado<14>  |   40.579|
A<15>          |resultado<15>  |   42.040|
A<15>          |resultado<16>  |   42.876|
A<15>          |resultado<17>  |   44.771|
A<15>          |resultado<18>  |   44.464|
A<15>          |resultado<19>  |   44.756|
A<15>          |resultado<20>  |   49.469|
A<15>          |resultado<21>  |   53.035|
A<15>          |resultado<22>  |   53.845|
A<15>          |resultado<23>  |   53.031|
A<15>          |resultado<24>  |   56.208|
A<15>          |resultado<25>  |   58.310|
A<15>          |resultado<26>  |   57.898|
A<15>          |resultado<27>  |   58.418|
A<15>          |resultado<28>  |   58.656|
A<15>          |resultado<29>  |   60.358|
A<15>          |resultado<30>  |   59.829|
A<15>          |resultado<31>  |   59.190|
B<0>           |resultado<0>   |   14.616|
B<0>           |resultado<1>   |   23.447|
B<0>           |resultado<2>   |   25.295|
B<0>           |resultado<3>   |   23.362|
B<0>           |resultado<4>   |   21.262|
B<0>           |resultado<5>   |   36.701|
B<0>           |resultado<6>   |   37.166|
B<0>           |resultado<7>   |   39.301|
B<0>           |resultado<8>   |   40.710|
B<0>           |resultado<9>   |   48.977|
B<0>           |resultado<10>  |   50.350|
B<0>           |resultado<11>  |   50.977|
B<0>           |resultado<12>  |   52.806|
B<0>           |resultado<13>  |   59.560|
B<0>           |resultado<14>  |   60.525|
B<0>           |resultado<15>  |   61.986|
B<0>           |resultado<16>  |   62.822|
B<0>           |resultado<17>  |   64.717|
B<0>           |resultado<18>  |   64.410|
B<0>           |resultado<19>  |   64.702|
B<0>           |resultado<20>  |   69.415|
B<0>           |resultado<21>  |   72.981|
B<0>           |resultado<22>  |   73.791|
B<0>           |resultado<23>  |   72.977|
B<0>           |resultado<24>  |   76.154|
B<0>           |resultado<25>  |   78.256|
B<0>           |resultado<26>  |   77.844|
B<0>           |resultado<27>  |   78.364|
B<0>           |resultado<28>  |   78.602|
B<0>           |resultado<29>  |   80.304|
B<0>           |resultado<30>  |   79.775|
B<0>           |resultado<31>  |   79.136|
B<1>           |resultado<1>   |   22.811|
B<1>           |resultado<2>   |   24.659|
B<1>           |resultado<3>   |   22.726|
B<1>           |resultado<4>   |   20.626|
B<1>           |resultado<5>   |   36.062|
B<1>           |resultado<6>   |   36.527|
B<1>           |resultado<7>   |   38.662|
B<1>           |resultado<8>   |   40.071|
B<1>           |resultado<9>   |   48.338|
B<1>           |resultado<10>  |   49.711|
B<1>           |resultado<11>  |   50.338|
B<1>           |resultado<12>  |   52.167|
B<1>           |resultado<13>  |   58.921|
B<1>           |resultado<14>  |   59.886|
B<1>           |resultado<15>  |   61.347|
B<1>           |resultado<16>  |   62.183|
B<1>           |resultado<17>  |   64.078|
B<1>           |resultado<18>  |   63.771|
B<1>           |resultado<19>  |   64.063|
B<1>           |resultado<20>  |   68.776|
B<1>           |resultado<21>  |   72.342|
B<1>           |resultado<22>  |   73.152|
B<1>           |resultado<23>  |   72.338|
B<1>           |resultado<24>  |   75.515|
B<1>           |resultado<25>  |   77.617|
B<1>           |resultado<26>  |   77.205|
B<1>           |resultado<27>  |   77.725|
B<1>           |resultado<28>  |   77.963|
B<1>           |resultado<29>  |   79.665|
B<1>           |resultado<30>  |   79.136|
B<1>           |resultado<31>  |   78.497|
B<2>           |resultado<1>   |   23.398|
B<2>           |resultado<2>   |   25.246|
B<2>           |resultado<3>   |   23.313|
B<2>           |resultado<4>   |   21.213|
B<2>           |resultado<5>   |   36.466|
B<2>           |resultado<6>   |   36.931|
B<2>           |resultado<7>   |   39.066|
B<2>           |resultado<8>   |   40.475|
B<2>           |resultado<9>   |   48.742|
B<2>           |resultado<10>  |   50.115|
B<2>           |resultado<11>  |   50.742|
B<2>           |resultado<12>  |   52.571|
B<2>           |resultado<13>  |   59.325|
B<2>           |resultado<14>  |   60.290|
B<2>           |resultado<15>  |   61.751|
B<2>           |resultado<16>  |   62.587|
B<2>           |resultado<17>  |   64.482|
B<2>           |resultado<18>  |   64.175|
B<2>           |resultado<19>  |   64.467|
B<2>           |resultado<20>  |   69.180|
B<2>           |resultado<21>  |   72.746|
B<2>           |resultado<22>  |   73.556|
B<2>           |resultado<23>  |   72.742|
B<2>           |resultado<24>  |   75.919|
B<2>           |resultado<25>  |   78.021|
B<2>           |resultado<26>  |   77.609|
B<2>           |resultado<27>  |   78.129|
B<2>           |resultado<28>  |   78.367|
B<2>           |resultado<29>  |   80.069|
B<2>           |resultado<30>  |   79.540|
B<2>           |resultado<31>  |   78.901|
B<3>           |resultado<1>   |   22.755|
B<3>           |resultado<2>   |   24.603|
B<3>           |resultado<3>   |   22.670|
B<3>           |resultado<4>   |   20.570|
B<3>           |resultado<5>   |   36.006|
B<3>           |resultado<6>   |   36.471|
B<3>           |resultado<7>   |   38.606|
B<3>           |resultado<8>   |   40.015|
B<3>           |resultado<9>   |   48.282|
B<3>           |resultado<10>  |   49.655|
B<3>           |resultado<11>  |   50.282|
B<3>           |resultado<12>  |   52.111|
B<3>           |resultado<13>  |   58.865|
B<3>           |resultado<14>  |   59.830|
B<3>           |resultado<15>  |   61.291|
B<3>           |resultado<16>  |   62.127|
B<3>           |resultado<17>  |   64.022|
B<3>           |resultado<18>  |   63.715|
B<3>           |resultado<19>  |   64.007|
B<3>           |resultado<20>  |   68.720|
B<3>           |resultado<21>  |   72.286|
B<3>           |resultado<22>  |   73.096|
B<3>           |resultado<23>  |   72.282|
B<3>           |resultado<24>  |   75.459|
B<3>           |resultado<25>  |   77.561|
B<3>           |resultado<26>  |   77.149|
B<3>           |resultado<27>  |   77.669|
B<3>           |resultado<28>  |   77.907|
B<3>           |resultado<29>  |   79.609|
B<3>           |resultado<30>  |   79.080|
B<3>           |resultado<31>  |   78.441|
B<4>           |resultado<4>   |   12.791|
B<4>           |resultado<5>   |   24.874|
B<4>           |resultado<6>   |   25.339|
B<4>           |resultado<7>   |   27.474|
B<4>           |resultado<8>   |   28.883|
B<4>           |resultado<9>   |   37.150|
B<4>           |resultado<10>  |   38.523|
B<4>           |resultado<11>  |   39.150|
B<4>           |resultado<12>  |   40.979|
B<4>           |resultado<13>  |   47.733|
B<4>           |resultado<14>  |   48.698|
B<4>           |resultado<15>  |   50.159|
B<4>           |resultado<16>  |   50.995|
B<4>           |resultado<17>  |   52.890|
B<4>           |resultado<18>  |   52.583|
B<4>           |resultado<19>  |   52.875|
B<4>           |resultado<20>  |   57.588|
B<4>           |resultado<21>  |   61.154|
B<4>           |resultado<22>  |   61.964|
B<4>           |resultado<23>  |   61.150|
B<4>           |resultado<24>  |   64.327|
B<4>           |resultado<25>  |   66.429|
B<4>           |resultado<26>  |   66.017|
B<4>           |resultado<27>  |   66.537|
B<4>           |resultado<28>  |   66.775|
B<4>           |resultado<29>  |   68.477|
B<4>           |resultado<30>  |   67.948|
B<4>           |resultado<31>  |   67.309|
B<5>           |resultado<5>   |   25.268|
B<5>           |resultado<6>   |   25.733|
B<5>           |resultado<7>   |   27.868|
B<5>           |resultado<8>   |   29.277|
B<5>           |resultado<9>   |   37.544|
B<5>           |resultado<10>  |   38.917|
B<5>           |resultado<11>  |   39.544|
B<5>           |resultado<12>  |   41.373|
B<5>           |resultado<13>  |   48.127|
B<5>           |resultado<14>  |   49.092|
B<5>           |resultado<15>  |   50.553|
B<5>           |resultado<16>  |   51.389|
B<5>           |resultado<17>  |   53.284|
B<5>           |resultado<18>  |   52.977|
B<5>           |resultado<19>  |   53.269|
B<5>           |resultado<20>  |   57.982|
B<5>           |resultado<21>  |   61.548|
B<5>           |resultado<22>  |   62.358|
B<5>           |resultado<23>  |   61.544|
B<5>           |resultado<24>  |   64.721|
B<5>           |resultado<25>  |   66.823|
B<5>           |resultado<26>  |   66.411|
B<5>           |resultado<27>  |   66.931|
B<5>           |resultado<28>  |   67.169|
B<5>           |resultado<29>  |   68.871|
B<5>           |resultado<30>  |   68.342|
B<5>           |resultado<31>  |   67.703|
B<6>           |resultado<5>   |   24.453|
B<6>           |resultado<6>   |   24.918|
B<6>           |resultado<7>   |   27.053|
B<6>           |resultado<8>   |   28.462|
B<6>           |resultado<9>   |   36.729|
B<6>           |resultado<10>  |   38.102|
B<6>           |resultado<11>  |   38.729|
B<6>           |resultado<12>  |   40.558|
B<6>           |resultado<13>  |   47.312|
B<6>           |resultado<14>  |   48.277|
B<6>           |resultado<15>  |   49.738|
B<6>           |resultado<16>  |   50.574|
B<6>           |resultado<17>  |   52.469|
B<6>           |resultado<18>  |   52.162|
B<6>           |resultado<19>  |   52.454|
B<6>           |resultado<20>  |   57.167|
B<6>           |resultado<21>  |   60.733|
B<6>           |resultado<22>  |   61.543|
B<6>           |resultado<23>  |   60.729|
B<6>           |resultado<24>  |   63.906|
B<6>           |resultado<25>  |   66.008|
B<6>           |resultado<26>  |   65.596|
B<6>           |resultado<27>  |   66.116|
B<6>           |resultado<28>  |   66.354|
B<6>           |resultado<29>  |   68.056|
B<6>           |resultado<30>  |   67.527|
B<6>           |resultado<31>  |   66.888|
B<7>           |resultado<5>   |   25.667|
B<7>           |resultado<6>   |   26.132|
B<7>           |resultado<7>   |   28.267|
B<7>           |resultado<8>   |   29.676|
B<7>           |resultado<9>   |   37.943|
B<7>           |resultado<10>  |   39.316|
B<7>           |resultado<11>  |   39.943|
B<7>           |resultado<12>  |   41.772|
B<7>           |resultado<13>  |   48.526|
B<7>           |resultado<14>  |   49.491|
B<7>           |resultado<15>  |   50.952|
B<7>           |resultado<16>  |   51.788|
B<7>           |resultado<17>  |   53.683|
B<7>           |resultado<18>  |   53.376|
B<7>           |resultado<19>  |   53.668|
B<7>           |resultado<20>  |   58.381|
B<7>           |resultado<21>  |   61.947|
B<7>           |resultado<22>  |   62.757|
B<7>           |resultado<23>  |   61.943|
B<7>           |resultado<24>  |   65.120|
B<7>           |resultado<25>  |   67.222|
B<7>           |resultado<26>  |   66.810|
B<7>           |resultado<27>  |   67.330|
B<7>           |resultado<28>  |   67.568|
B<7>           |resultado<29>  |   69.270|
B<7>           |resultado<30>  |   68.741|
B<7>           |resultado<31>  |   68.102|
B<8>           |resultado<8>   |   19.823|
B<8>           |resultado<9>   |   33.558|
B<8>           |resultado<10>  |   34.931|
B<8>           |resultado<11>  |   35.558|
B<8>           |resultado<12>  |   37.387|
B<8>           |resultado<13>  |   44.141|
B<8>           |resultado<14>  |   45.106|
B<8>           |resultado<15>  |   46.567|
B<8>           |resultado<16>  |   47.403|
B<8>           |resultado<17>  |   49.298|
B<8>           |resultado<18>  |   48.991|
B<8>           |resultado<19>  |   49.283|
B<8>           |resultado<20>  |   53.996|
B<8>           |resultado<21>  |   57.562|
B<8>           |resultado<22>  |   58.372|
B<8>           |resultado<23>  |   57.558|
B<8>           |resultado<24>  |   60.735|
B<8>           |resultado<25>  |   62.837|
B<8>           |resultado<26>  |   62.425|
B<8>           |resultado<27>  |   62.945|
B<8>           |resultado<28>  |   63.183|
B<8>           |resultado<29>  |   64.885|
B<8>           |resultado<30>  |   64.356|
B<8>           |resultado<31>  |   63.717|
B<9>           |resultado<9>   |   33.859|
B<9>           |resultado<10>  |   35.232|
B<9>           |resultado<11>  |   35.859|
B<9>           |resultado<12>  |   37.688|
B<9>           |resultado<13>  |   44.442|
B<9>           |resultado<14>  |   45.407|
B<9>           |resultado<15>  |   46.868|
B<9>           |resultado<16>  |   47.704|
B<9>           |resultado<17>  |   49.599|
B<9>           |resultado<18>  |   49.292|
B<9>           |resultado<19>  |   49.584|
B<9>           |resultado<20>  |   54.297|
B<9>           |resultado<21>  |   57.863|
B<9>           |resultado<22>  |   58.673|
B<9>           |resultado<23>  |   57.859|
B<9>           |resultado<24>  |   61.036|
B<9>           |resultado<25>  |   63.138|
B<9>           |resultado<26>  |   62.726|
B<9>           |resultado<27>  |   63.246|
B<9>           |resultado<28>  |   63.484|
B<9>           |resultado<29>  |   65.186|
B<9>           |resultado<30>  |   64.657|
B<9>           |resultado<31>  |   64.018|
B<10>          |resultado<9>   |   34.776|
B<10>          |resultado<10>  |   36.149|
B<10>          |resultado<11>  |   36.776|
B<10>          |resultado<12>  |   38.605|
B<10>          |resultado<13>  |   45.359|
B<10>          |resultado<14>  |   46.324|
B<10>          |resultado<15>  |   47.785|
B<10>          |resultado<16>  |   48.621|
B<10>          |resultado<17>  |   50.516|
B<10>          |resultado<18>  |   50.209|
B<10>          |resultado<19>  |   50.501|
B<10>          |resultado<20>  |   55.214|
B<10>          |resultado<21>  |   58.780|
B<10>          |resultado<22>  |   59.590|
B<10>          |resultado<23>  |   58.776|
B<10>          |resultado<24>  |   61.953|
B<10>          |resultado<25>  |   64.055|
B<10>          |resultado<26>  |   63.643|
B<10>          |resultado<27>  |   64.163|
B<10>          |resultado<28>  |   64.401|
B<10>          |resultado<29>  |   66.103|
B<10>          |resultado<30>  |   65.574|
B<10>          |resultado<31>  |   64.935|
B<11>          |resultado<9>   |   33.143|
B<11>          |resultado<10>  |   34.516|
B<11>          |resultado<11>  |   35.143|
B<11>          |resultado<12>  |   36.972|
B<11>          |resultado<13>  |   43.726|
B<11>          |resultado<14>  |   44.691|
B<11>          |resultado<15>  |   46.152|
B<11>          |resultado<16>  |   46.988|
B<11>          |resultado<17>  |   48.883|
B<11>          |resultado<18>  |   48.576|
B<11>          |resultado<19>  |   48.868|
B<11>          |resultado<20>  |   53.581|
B<11>          |resultado<21>  |   57.147|
B<11>          |resultado<22>  |   57.957|
B<11>          |resultado<23>  |   57.143|
B<11>          |resultado<24>  |   60.320|
B<11>          |resultado<25>  |   62.422|
B<11>          |resultado<26>  |   62.010|
B<11>          |resultado<27>  |   62.530|
B<11>          |resultado<28>  |   62.768|
B<11>          |resultado<29>  |   64.470|
B<11>          |resultado<30>  |   63.941|
B<11>          |resultado<31>  |   63.302|
B<12>          |resultado<12>  |   16.858|
B<12>          |resultado<13>  |   29.579|
B<12>          |resultado<14>  |   30.544|
B<12>          |resultado<15>  |   32.005|
B<12>          |resultado<16>  |   32.841|
B<12>          |resultado<17>  |   34.828|
B<12>          |resultado<18>  |   34.558|
B<12>          |resultado<19>  |   34.813|
B<12>          |resultado<20>  |   39.714|
B<12>          |resultado<21>  |   43.280|
B<12>          |resultado<22>  |   44.090|
B<12>          |resultado<23>  |   43.276|
B<12>          |resultado<24>  |   46.453|
B<12>          |resultado<25>  |   48.555|
B<12>          |resultado<26>  |   48.143|
B<12>          |resultado<27>  |   48.663|
B<12>          |resultado<28>  |   48.901|
B<12>          |resultado<29>  |   50.603|
B<12>          |resultado<30>  |   50.074|
B<12>          |resultado<31>  |   49.435|
B<13>          |resultado<13>  |   31.256|
B<13>          |resultado<14>  |   32.221|
B<13>          |resultado<15>  |   33.682|
B<13>          |resultado<16>  |   34.518|
B<13>          |resultado<17>  |   36.505|
B<13>          |resultado<18>  |   36.235|
B<13>          |resultado<19>  |   36.490|
B<13>          |resultado<20>  |   41.391|
B<13>          |resultado<21>  |   44.957|
B<13>          |resultado<22>  |   45.767|
B<13>          |resultado<23>  |   44.953|
B<13>          |resultado<24>  |   48.130|
B<13>          |resultado<25>  |   50.232|
B<13>          |resultado<26>  |   49.820|
B<13>          |resultado<27>  |   50.340|
B<13>          |resultado<28>  |   50.578|
B<13>          |resultado<29>  |   52.280|
B<13>          |resultado<30>  |   51.751|
B<13>          |resultado<31>  |   51.112|
B<14>          |resultado<13>  |   29.236|
B<14>          |resultado<14>  |   30.201|
B<14>          |resultado<15>  |   31.662|
B<14>          |resultado<16>  |   32.498|
B<14>          |resultado<17>  |   34.485|
B<14>          |resultado<18>  |   34.215|
B<14>          |resultado<19>  |   34.470|
B<14>          |resultado<20>  |   39.371|
B<14>          |resultado<21>  |   42.937|
B<14>          |resultado<22>  |   43.747|
B<14>          |resultado<23>  |   42.933|
B<14>          |resultado<24>  |   46.110|
B<14>          |resultado<25>  |   48.212|
B<14>          |resultado<26>  |   47.800|
B<14>          |resultado<27>  |   48.320|
B<14>          |resultado<28>  |   48.558|
B<14>          |resultado<29>  |   50.260|
B<14>          |resultado<30>  |   49.731|
B<14>          |resultado<31>  |   49.092|
B<15>          |resultado<13>  |   29.984|
B<15>          |resultado<14>  |   30.949|
B<15>          |resultado<15>  |   32.410|
B<15>          |resultado<16>  |   33.246|
B<15>          |resultado<17>  |   35.233|
B<15>          |resultado<18>  |   34.963|
B<15>          |resultado<19>  |   35.218|
B<15>          |resultado<20>  |   40.119|
B<15>          |resultado<21>  |   43.685|
B<15>          |resultado<22>  |   44.495|
B<15>          |resultado<23>  |   43.681|
B<15>          |resultado<24>  |   46.858|
B<15>          |resultado<25>  |   48.960|
B<15>          |resultado<26>  |   48.548|
B<15>          |resultado<27>  |   49.068|
B<15>          |resultado<28>  |   49.306|
B<15>          |resultado<29>  |   51.008|
B<15>          |resultado<30>  |   50.479|
B<15>          |resultado<31>  |   49.840|
---------------+---------------+---------+


Analysis completed Fri Jul 12 13:13:54 2024 
--------------------------------------------------------------------------------

Trace Settings:
-------------------------
Trace Settings 

Peak Memory Usage: 385 MB



