Release 14.7 - xst P.20131013 (lin64)
Copyright (c) 1995-2013 Xilinx, Inc.  All rights reserved.
--> 
Parameter TMPDIR set to xst/projnav.tmp


Total REAL time to Xst completion: 1.00 secs
Total CPU time to Xst completion: 0.07 secs
 
--> 
Parameter xsthdpdir set to xst


Total REAL time to Xst completion: 1.00 secs
Total CPU time to Xst completion: 0.07 secs
 
--> 
Reading design: top_adder.prj

TABLE OF CONTENTS
  1) Synthesis Options Summary
  2) HDL Compilation
  3) Design Hierarchy Analysis
  4) HDL Analysis
  5) HDL Synthesis
     5.1) HDL Synthesis Report
  6) Advanced HDL Synthesis
     6.1) Advanced HDL Synthesis Report
  7) Low Level Synthesis
  8) Partition Report
  9) Final Report
	9.1) Device utilization summary
	9.2) Partition Resource Summary
	9.3) TIMING REPORT


=========================================================================
*                      Synthesis Options Summary                        *
=========================================================================
---- Source Parameters
Input File Name                    : "top_adder.prj"
Input Format                       : mixed
Ignore Synthesis Constraint File   : NO

---- Target Parameters
Output File Name                   : "top_adder"
Output Format                      : NGC
Target Device                      : xc3s700a-4-fg484

---- Source Options
Top Module Name                    : top_adder
Automatic FSM Extraction           : YES
FSM Encoding Algorithm             : Auto
Safe Implementation                : No
FSM Style                          : LUT
RAM Extraction                     : Yes
RAM Style                          : Auto
ROM Extraction                     : Yes
Mux Style                          : Auto
Decoder Extraction                 : YES
Priority Encoder Extraction        : Yes
Shift Register Extraction          : YES
Logical Shifter Extraction         : YES
XOR Collapsing                     : YES
ROM Style                          : Auto
Mux Extraction                     : Yes
Resource Sharing                   : YES
Asynchronous To Synchronous        : NO
Multiplier Style                   : Auto
Automatic Register Balancing       : No

---- Target Options
Add IO Buffers                     : YES
Global Maximum Fanout              : 100000
Add Generic Clock Buffer(BUFG)     : 24
Register Duplication               : YES
Slice Packing                      : YES
Optimize Instantiated Primitives   : NO
Use Clock Enable                   : Yes
Use Synchronous Set                : Yes
Use Synchronous Reset              : Yes
Pack IO Registers into IOBs        : Auto
Equivalent register Removal        : YES

---- General Options
Optimization Goal                  : Speed
Optimization Effort                : 1
Keep Hierarchy                     : No
Netlist Hierarchy                  : As_Optimized
RTL Output                         : Yes
Global Optimization                : AllClockNets
Read Cores                         : YES
Write Timing Constraints           : NO
Cross Clock Analysis               : NO
Hierarchy Separator                : /
Bus Delimiter                      : <>
Case Specifier                     : Maintain
Slice Utilization Ratio            : 100
BRAM Utilization Ratio             : 100
Verilog 2001                       : YES
Auto BRAM Packing                  : NO
Slice Utilization Ratio Delta      : 5

=========================================================================


=========================================================================
*                          HDL Compilation                              *
=========================================================================
Compiling vhdl file "/home/sd/calculadora 28-07/bcd_adder.vhd" in Library work.
Entity <bcd_adder> compiled.
Entity <bcd_adder> (Architecture <arch>) compiled.
Compiling vhdl file "/home/sd/calculadora 28-07/top_adder.vhd" in Library work.
Entity <top_adder> compiled.
Entity <top_adder> (Architecture <Behavioral>) compiled.

=========================================================================
*                     Design Hierarchy Analysis                         *
=========================================================================
Analyzing hierarchy for entity <top_adder> in library <work> (architecture <Behavioral>).

Analyzing hierarchy for entity <bcd_adder> in library <work> (architecture <arch>).


=========================================================================
*                            HDL Analysis                               *
=========================================================================
Analyzing Entity <top_adder> in library <work> (Architecture <Behavioral>).
Entity <top_adder> analyzed. Unit <top_adder> generated.

Analyzing Entity <bcd_adder> in library <work> (Architecture <arch>).
Entity <bcd_adder> analyzed. Unit <bcd_adder> generated.


=========================================================================
*                           HDL Synthesis                               *
=========================================================================

Performing bidirectional port resolution...

Synthesizing Unit <bcd_adder>.
    Related source file is "/home/sd/calculadora 28-07/bcd_adder.vhd".
    Found 4-bit adder for signal <soma$addsub0000> created at line 22.
    Found 5-bit comparator greater for signal <soma$cmp_gt0000> created at line 20.
    Found 5-bit adder for signal <soma_temporaria>.
    Found 5-bit adder for signal <soma_temporaria$addsub0000> created at line 17.
    Summary:
	inferred   3 Adder/Subtractor(s).
	inferred   1 Comparator(s).
Unit <bcd_adder> synthesized.


Synthesizing Unit <top_adder>.
    Related source file is "/home/sd/calculadora 28-07/top_adder.vhd".
Unit <top_adder> synthesized.


=========================================================================
HDL Synthesis Report

Macro Statistics
# Adders/Subtractors                                   : 12
 4-bit adder                                           : 4
 5-bit adder                                           : 8
# Comparators                                          : 4
 5-bit comparator greater                              : 4

=========================================================================

=========================================================================
*                       Advanced HDL Synthesis                          *
=========================================================================


=========================================================================
Advanced HDL Synthesis Report

Macro Statistics
# Adders/Subtractors                                   : 8
 4-bit adder                                           : 4
 5-bit adder carry in                                  : 4
# Comparators                                          : 4
 5-bit comparator greater                              : 4

=========================================================================

=========================================================================
*                         Low Level Synthesis                           *
=========================================================================

Optimizing unit <top_adder> ...

Mapping all equations...
Building and optimizing final netlist ...
Found area constraint ratio of 100 (+ 5) on block top_adder, actual ratio is 0.

Final Macro Processing ...

=========================================================================
Final Register Report

Found no macro
=========================================================================

=========================================================================
*                           Partition Report                            *
=========================================================================

Partition Implementation Status
-------------------------------

  No Partitions were found in this design.

-------------------------------

=========================================================================
*                            Final Report                               *
=========================================================================
Final Results
RTL Top Level Output File Name     : top_adder.ngr
Top Level Output File Name         : top_adder
Output Format                      : NGC
Optimization Goal                  : Speed
Keep Hierarchy                     : No

Design Statistics
# IOs                              : 52

Cell Usage :
# BELS                             : 60
#      GND                         : 1
#      LUT2                        : 14
#      LUT3                        : 2
#      LUT4                        : 18
#      MUXCY                       : 12
#      MUXF5                       : 1
#      XORCY                       : 12
# IO Buffers                       : 52
#      IBUF                        : 32
#      OBUF                        : 20
=========================================================================

Device utilization summary:
---------------------------

Selected Device : 3s700afg484-4 

 Number of Slices:                       19  out of   5888     0%  
 Number of 4 input LUTs:                 34  out of  11776     0%  
 Number of IOs:                          52
 Number of bonded IOBs:                  52  out of    372    13%  

---------------------------
Partition Resource Summary:
---------------------------

  No Partitions were found in this design.

---------------------------


=========================================================================
TIMING REPORT

NOTE: THESE TIMING NUMBERS ARE ONLY A SYNTHESIS ESTIMATE.
      FOR ACCURATE TIMING INFORMATION PLEASE REFER TO THE TRACE REPORT
      GENERATED AFTER PLACE-and-ROUTE.

Clock Information:
------------------
No clock signals found in this design

Asynchronous Control Signals Information:
----------------------------------------
No asynchronous control signals found in this design

Timing Summary:
---------------
Speed Grade: -4

   Minimum period: No path found
   Minimum input arrival time before clock: No path found
   Maximum output required time after clock: No path found
   Maximum combinational path delay: 18.059ns

Timing Detail:
--------------
All values displayed in nanoseconds (ns)

=========================================================================
Timing constraint: Default path analysis
  Total number of paths / destination ports: 10036 / 17
-------------------------------------------------------------------------
Delay:               18.059ns (Levels of Logic = 20)
  Source:            A<0> (PAD)
  Destination:       soma<16> (PAD)

  Data Path: A<0> to soma<16>
                                Gate     Net
    Cell:in->out      fanout   Delay   Delay  Logical Name (Net Name)
    ----------------------------------------  ------------
     IBUF:I->O             3   0.849   0.611  A_0_IBUF (A_0_IBUF)
     LUT4:I1->O            4   0.643   0.619  adder1/Madd_soma_temporaria_Madd_cy<1>11 (adder1/Madd_soma_temporaria_Madd_cy<1>)
     LUT4:I2->O            2   0.648   0.479  adder1/Madd_soma_addsub0000_cy<2>11 (adder1/Madd_soma_addsub0000_cy<2>)
     LUT4:I2->O            3   0.648   0.531  c11 (c1)
     MUXCY:CI->O           1   0.065   0.000  adder2/Madd_soma_temporaria_Madd_cy<0> (adder2/Madd_soma_temporaria_Madd_cy<0>)
     MUXCY:CI->O           1   0.065   0.000  adder2/Madd_soma_temporaria_Madd_cy<1> (adder2/Madd_soma_temporaria_Madd_cy<1>)
     MUXCY:CI->O           1   0.065   0.000  adder2/Madd_soma_temporaria_Madd_cy<2> (adder2/Madd_soma_temporaria_Madd_cy<2>)
     XORCY:CI->O           4   0.844   0.730  adder2/Madd_soma_temporaria_Madd_xor<3> (adder2/Madd_soma_addsub0000_lut<3>)
     LUT4:I0->O            1   0.648   0.420  c21 (c2)
     MUXCY:CI->O           1   0.065   0.000  adder3/Madd_soma_temporaria_Madd_cy<0> (adder3/Madd_soma_temporaria_Madd_cy<0>)
     MUXCY:CI->O           1   0.065   0.000  adder3/Madd_soma_temporaria_Madd_cy<1> (adder3/Madd_soma_temporaria_Madd_cy<1>)
     MUXCY:CI->O           1   0.065   0.000  adder3/Madd_soma_temporaria_Madd_cy<2> (adder3/Madd_soma_temporaria_Madd_cy<2>)
     XORCY:CI->O           4   0.844   0.730  adder3/Madd_soma_temporaria_Madd_xor<3> (adder3/Madd_soma_addsub0000_lut<3>)
     LUT4:I0->O            1   0.648   0.420  c31 (c3)
     MUXCY:CI->O           1   0.065   0.000  adder4/Madd_soma_temporaria_Madd_cy<0> (adder4/Madd_soma_temporaria_Madd_cy<0>)
     MUXCY:CI->O           1   0.065   0.000  adder4/Madd_soma_temporaria_Madd_cy<1> (adder4/Madd_soma_temporaria_Madd_cy<1>)
     MUXCY:CI->O           1   0.065   0.000  adder4/Madd_soma_temporaria_Madd_cy<2> (adder4/Madd_soma_temporaria_Madd_cy<2>)
     XORCY:CI->O           4   0.844   0.730  adder4/Madd_soma_temporaria_Madd_xor<3> (adder4/Madd_soma_addsub0000_lut<3>)
     LUT4:I0->O            1   0.648   0.420  soma<16>1 (soma_16_OBUF)
     OBUF:I->O                 4.520          soma_16_OBUF (soma<16>)
    ----------------------------------------
    Total                     18.059ns (12.369ns logic, 5.690ns route)
                                       (68.5% logic, 31.5% route)

=========================================================================


Total REAL time to Xst completion: 9.00 secs
Total CPU time to Xst completion: 5.67 secs
 
--> 


Total memory usage is 607844 kilobytes

Number of errors   :    0 (   0 filtered)
Number of warnings :    0 (   0 filtered)
Number of infos    :    0 (   0 filtered)

